0 info it worked if it ends with ok
1 verbose cli [ '/Users/ankitmalhotra/.nvm/versions/node/v4.2.2/bin/node',
1 verbose cli   '/Users/ankitmalhotra/.nvm/versions/node/v4.2.2/bin/npm',
1 verbose cli   'install',
1 verbose cli   '--save',
1 verbose cli   'spellchecker' ]
2 info using npm@2.14.7
3 info using node@v4.2.2
4 verbose install initial load of /Users/ankitmalhotra/practice/electron-app/package.json
5 warn package.json electron-app@1.0.0 No description
6 warn package.json electron-app@1.0.0 No repository field.
7 warn package.json electron-app@1.0.0 No README data
8 verbose installManyTop reading scoped package data from /Users/ankitmalhotra/practice/electron-app/node_modules/abbrev/package.json
9 verbose installManyTop reading scoped package data from /Users/ankitmalhotra/practice/electron-app/node_modules/accepts/package.json
10 verbose installManyTop reading scoped package data from /Users/ankitmalhotra/practice/electron-app/node_modules/ajv/package.json
11 verbose installManyTop reading scoped package data from /Users/ankitmalhotra/practice/electron-app/node_modules/ansi-regex/package.json
12 verbose installManyTop reading scoped package data from /Users/ankitmalhotra/practice/electron-app/node_modules/ansi-styles/package.json
13 verbose installManyTop reading scoped package data from /Users/ankitmalhotra/practice/electron-app/node_modules/any-promise/package.json
14 verbose installManyTop reading scoped package data from /Users/ankitmalhotra/practice/electron-app/node_modules/aproba/package.json
15 verbose installManyTop reading scoped package data from /Users/ankitmalhotra/practice/electron-app/node_modules/are-we-there-yet/package.json
16 verbose installManyTop reading scoped package data from /Users/ankitmalhotra/practice/electron-app/node_modules/array-find-index/package.json
17 verbose installManyTop reading scoped package data from /Users/ankitmalhotra/practice/electron-app/node_modules/array-flatten/package.json
18 verbose installManyTop reading scoped package data from /Users/ankitmalhotra/practice/electron-app/node_modules/asn1/package.json
19 verbose installManyTop reading scoped package data from /Users/ankitmalhotra/practice/electron-app/node_modules/assert-plus/package.json
20 verbose installManyTop reading scoped package data from /Users/ankitmalhotra/practice/electron-app/node_modules/asynckit/package.json
21 verbose installManyTop reading scoped package data from /Users/ankitmalhotra/practice/electron-app/node_modules/aws-sign2/package.json
22 verbose installManyTop reading scoped package data from /Users/ankitmalhotra/practice/electron-app/node_modules/aws4/package.json
23 verbose installManyTop reading scoped package data from /Users/ankitmalhotra/practice/electron-app/node_modules/balanced-match/package.json
24 verbose installManyTop reading scoped package data from /Users/ankitmalhotra/practice/electron-app/node_modules/bcrypt-pbkdf/package.json
25 verbose installManyTop reading scoped package data from /Users/ankitmalhotra/practice/electron-app/node_modules/block-stream/package.json
26 verbose installManyTop reading scoped package data from /Users/ankitmalhotra/practice/electron-app/node_modules/body-parser/package.json
27 verbose installManyTop reading scoped package data from /Users/ankitmalhotra/practice/electron-app/node_modules/boom/package.json
28 verbose installManyTop reading scoped package data from /Users/ankitmalhotra/practice/electron-app/node_modules/brace-expansion/package.json
29 verbose installManyTop reading scoped package data from /Users/ankitmalhotra/practice/electron-app/node_modules/builtin-modules/package.json
30 verbose installManyTop reading scoped package data from /Users/ankitmalhotra/practice/electron-app/node_modules/bytes/package.json
31 verbose installManyTop reading scoped package data from /Users/ankitmalhotra/practice/electron-app/node_modules/camelcase/package.json
32 verbose installManyTop reading scoped package data from /Users/ankitmalhotra/practice/electron-app/node_modules/camelcase-keys/package.json
33 verbose installManyTop reading scoped package data from /Users/ankitmalhotra/practice/electron-app/node_modules/caseless/package.json
34 verbose installManyTop reading scoped package data from /Users/ankitmalhotra/practice/electron-app/node_modules/chalk/package.json
35 verbose installManyTop reading scoped package data from /Users/ankitmalhotra/practice/electron-app/node_modules/cli-cursor/package.json
36 verbose installManyTop reading scoped package data from /Users/ankitmalhotra/practice/electron-app/node_modules/cli-spinners/package.json
37 verbose installManyTop reading scoped package data from /Users/ankitmalhotra/practice/electron-app/node_modules/cliui/package.json
38 verbose installManyTop reading scoped package data from /Users/ankitmalhotra/practice/electron-app/node_modules/co/package.json
39 verbose installManyTop reading scoped package data from /Users/ankitmalhotra/practice/electron-app/node_modules/code-point-at/package.json
40 verbose installManyTop reading scoped package data from /Users/ankitmalhotra/practice/electron-app/node_modules/color-convert/package.json
41 verbose installManyTop reading scoped package data from /Users/ankitmalhotra/practice/electron-app/node_modules/color-name/package.json
42 verbose installManyTop reading scoped package data from /Users/ankitmalhotra/practice/electron-app/node_modules/colors/package.json
43 verbose installManyTop reading scoped package data from /Users/ankitmalhotra/practice/electron-app/node_modules/combined-stream/package.json
44 verbose installManyTop reading scoped package data from /Users/ankitmalhotra/practice/electron-app/node_modules/concat-map/package.json
45 verbose installManyTop reading scoped package data from /Users/ankitmalhotra/practice/electron-app/node_modules/concat-stream/package.json
46 verbose installManyTop reading scoped package data from /Users/ankitmalhotra/practice/electron-app/node_modules/console-control-strings/package.json
47 verbose installManyTop reading scoped package data from /Users/ankitmalhotra/practice/electron-app/node_modules/content-disposition/package.json
48 verbose installManyTop reading scoped package data from /Users/ankitmalhotra/practice/electron-app/node_modules/content-type/package.json
49 verbose installManyTop reading scoped package data from /Users/ankitmalhotra/practice/electron-app/node_modules/cookie/package.json
50 verbose installManyTop reading scoped package data from /Users/ankitmalhotra/practice/electron-app/node_modules/cookie-signature/package.json
51 verbose installManyTop reading scoped package data from /Users/ankitmalhotra/practice/electron-app/node_modules/core-util-is/package.json
52 verbose installManyTop reading scoped package data from /Users/ankitmalhotra/practice/electron-app/node_modules/cryptiles/package.json
53 verbose installManyTop reading scoped package data from /Users/ankitmalhotra/practice/electron-app/node_modules/currently-unhandled/package.json
54 verbose installManyTop reading scoped package data from /Users/ankitmalhotra/practice/electron-app/node_modules/dashdash/package.json
55 verbose installManyTop reading scoped package data from /Users/ankitmalhotra/practice/electron-app/node_modules/debug/package.json
56 verbose installManyTop reading scoped package data from /Users/ankitmalhotra/practice/electron-app/node_modules/decamelize/package.json
57 verbose installManyTop reading scoped package data from /Users/ankitmalhotra/practice/electron-app/node_modules/deep-extend/package.json
58 verbose installManyTop reading scoped package data from /Users/ankitmalhotra/practice/electron-app/node_modules/delayed-stream/package.json
59 verbose installManyTop reading scoped package data from /Users/ankitmalhotra/practice/electron-app/node_modules/delegates/package.json
60 verbose installManyTop reading scoped package data from /Users/ankitmalhotra/practice/electron-app/node_modules/depd/package.json
61 verbose installManyTop reading scoped package data from /Users/ankitmalhotra/practice/electron-app/node_modules/destroy/package.json
62 verbose installManyTop reading scoped package data from /Users/ankitmalhotra/practice/electron-app/node_modules/detect-libc/package.json
63 verbose installManyTop reading scoped package data from /Users/ankitmalhotra/practice/electron-app/node_modules/ecc-jsbn/package.json
64 verbose installManyTop reading scoped package data from /Users/ankitmalhotra/practice/electron-app/node_modules/ee-first/package.json
65 verbose installManyTop reading scoped package data from /Users/ankitmalhotra/practice/electron-app/node_modules/electron/package.json
66 verbose installManyTop reading scoped package data from /Users/ankitmalhotra/practice/electron-app/node_modules/electron-download/package.json
67 verbose installManyTop reading scoped package data from /Users/ankitmalhotra/practice/electron-app/node_modules/electron-fetch/package.json
68 verbose installManyTop reading scoped package data from /Users/ankitmalhotra/practice/electron-app/node_modules/electron-prebuilt/package.json
69 verbose installManyTop reading scoped package data from /Users/ankitmalhotra/practice/electron-app/node_modules/electron-rebuild/package.json
70 verbose installManyTop reading scoped package data from /Users/ankitmalhotra/practice/electron-app/node_modules/encodeurl/package.json
71 verbose installManyTop reading scoped package data from /Users/ankitmalhotra/practice/electron-app/node_modules/encoding/package.json
72 verbose installManyTop reading scoped package data from /Users/ankitmalhotra/practice/electron-app/node_modules/error-ex/package.json
73 verbose installManyTop reading scoped package data from /Users/ankitmalhotra/practice/electron-app/node_modules/es6-promise/package.json
74 verbose installManyTop reading scoped package data from /Users/ankitmalhotra/practice/electron-app/node_modules/escape-html/package.json
75 verbose installManyTop reading scoped package data from /Users/ankitmalhotra/practice/electron-app/node_modules/escape-string-regexp/package.json
76 verbose installManyTop reading scoped package data from /Users/ankitmalhotra/practice/electron-app/node_modules/etag/package.json
77 verbose installManyTop reading scoped package data from /Users/ankitmalhotra/practice/electron-app/node_modules/express/package.json
78 verbose installManyTop reading scoped package data from /Users/ankitmalhotra/practice/electron-app/node_modules/extend/package.json
79 verbose installManyTop reading scoped package data from /Users/ankitmalhotra/practice/electron-app/node_modules/extract-zip/package.json
80 verbose installManyTop reading scoped package data from /Users/ankitmalhotra/practice/electron-app/node_modules/extsprintf/package.json
81 verbose installManyTop reading scoped package data from /Users/ankitmalhotra/practice/electron-app/node_modules/fast-deep-equal/package.json
82 verbose installManyTop reading scoped package data from /Users/ankitmalhotra/practice/electron-app/node_modules/fast-json-stable-stringify/package.json
83 verbose installManyTop reading scoped package data from /Users/ankitmalhotra/practice/electron-app/node_modules/fd-slicer/package.json
84 verbose installManyTop reading scoped package data from /Users/ankitmalhotra/practice/electron-app/node_modules/finalhandler/package.json
85 verbose installManyTop reading scoped package data from /Users/ankitmalhotra/practice/electron-app/node_modules/find-up/package.json
86 verbose installManyTop reading scoped package data from /Users/ankitmalhotra/practice/electron-app/node_modules/forever-agent/package.json
87 verbose installManyTop reading scoped package data from /Users/ankitmalhotra/practice/electron-app/node_modules/form-data/package.json
88 verbose installManyTop reading scoped package data from /Users/ankitmalhotra/practice/electron-app/node_modules/forwarded/package.json
89 verbose installManyTop reading scoped package data from /Users/ankitmalhotra/practice/electron-app/node_modules/fresh/package.json
90 verbose installManyTop reading scoped package data from /Users/ankitmalhotra/practice/electron-app/node_modules/fs-extra/package.json
91 verbose installManyTop reading scoped package data from /Users/ankitmalhotra/practice/electron-app/node_modules/fs.realpath/package.json
92 verbose installManyTop reading scoped package data from /Users/ankitmalhotra/practice/electron-app/node_modules/fstream/package.json
93 verbose installManyTop reading scoped package data from /Users/ankitmalhotra/practice/electron-app/node_modules/gauge/package.json
94 verbose installManyTop reading scoped package data from /Users/ankitmalhotra/practice/electron-app/node_modules/get-caller-file/package.json
95 verbose installManyTop reading scoped package data from /Users/ankitmalhotra/practice/electron-app/node_modules/get-stdin/package.json
96 verbose installManyTop reading scoped package data from /Users/ankitmalhotra/practice/electron-app/node_modules/getpass/package.json
97 verbose installManyTop reading scoped package data from /Users/ankitmalhotra/practice/electron-app/node_modules/glob/package.json
98 verbose installManyTop reading scoped package data from /Users/ankitmalhotra/practice/electron-app/node_modules/graceful-fs/package.json
99 verbose installManyTop reading scoped package data from /Users/ankitmalhotra/practice/electron-app/node_modules/har-schema/package.json
100 verbose installManyTop reading scoped package data from /Users/ankitmalhotra/practice/electron-app/node_modules/har-validator/package.json
101 verbose installManyTop reading scoped package data from /Users/ankitmalhotra/practice/electron-app/node_modules/has-flag/package.json
102 verbose installManyTop reading scoped package data from /Users/ankitmalhotra/practice/electron-app/node_modules/has-unicode/package.json
103 verbose installManyTop reading scoped package data from /Users/ankitmalhotra/practice/electron-app/node_modules/hawk/package.json
104 verbose installManyTop reading scoped package data from /Users/ankitmalhotra/practice/electron-app/node_modules/hoek/package.json
105 verbose installManyTop reading scoped package data from /Users/ankitmalhotra/practice/electron-app/node_modules/home-path/package.json
106 verbose installManyTop reading scoped package data from /Users/ankitmalhotra/practice/electron-app/node_modules/hosted-git-info/package.json
107 verbose installManyTop reading scoped package data from /Users/ankitmalhotra/practice/electron-app/node_modules/http-errors/package.json
108 verbose installManyTop reading scoped package data from /Users/ankitmalhotra/practice/electron-app/node_modules/http-signature/package.json
109 verbose installManyTop reading scoped package data from /Users/ankitmalhotra/practice/electron-app/node_modules/iconv-lite/package.json
110 verbose installManyTop reading scoped package data from /Users/ankitmalhotra/practice/electron-app/node_modules/indent-string/package.json
111 verbose installManyTop reading scoped package data from /Users/ankitmalhotra/practice/electron-app/node_modules/inflight/package.json
112 verbose installManyTop reading scoped package data from /Users/ankitmalhotra/practice/electron-app/node_modules/inherits/package.json
113 verbose installManyTop reading scoped package data from /Users/ankitmalhotra/practice/electron-app/node_modules/ini/package.json
114 verbose installManyTop reading scoped package data from /Users/ankitmalhotra/practice/electron-app/node_modules/invert-kv/package.json
115 verbose installManyTop reading scoped package data from /Users/ankitmalhotra/practice/electron-app/node_modules/ipaddr.js/package.json
116 verbose installManyTop reading scoped package data from /Users/ankitmalhotra/practice/electron-app/node_modules/is-arrayish/package.json
117 verbose installManyTop reading scoped package data from /Users/ankitmalhotra/practice/electron-app/node_modules/is-builtin-module/package.json
118 verbose installManyTop reading scoped package data from /Users/ankitmalhotra/practice/electron-app/node_modules/is-finite/package.json
119 verbose installManyTop reading scoped package data from /Users/ankitmalhotra/practice/electron-app/node_modules/is-fullwidth-code-point/package.json
120 verbose installManyTop reading scoped package data from /Users/ankitmalhotra/practice/electron-app/node_modules/is-typedarray/package.json
121 verbose installManyTop reading scoped package data from /Users/ankitmalhotra/practice/electron-app/node_modules/is-utf8/package.json
122 verbose installManyTop reading scoped package data from /Users/ankitmalhotra/practice/electron-app/node_modules/isarray/package.json
123 verbose installManyTop reading scoped package data from /Users/ankitmalhotra/practice/electron-app/node_modules/isexe/package.json
124 verbose installManyTop reading scoped package data from /Users/ankitmalhotra/practice/electron-app/node_modules/isstream/package.json
125 verbose installManyTop reading scoped package data from /Users/ankitmalhotra/practice/electron-app/node_modules/jsbn/package.json
126 verbose installManyTop reading scoped package data from /Users/ankitmalhotra/practice/electron-app/node_modules/json-schema/package.json
127 verbose installManyTop reading scoped package data from /Users/ankitmalhotra/practice/electron-app/node_modules/json-schema-traverse/package.json
128 verbose installManyTop reading scoped package data from /Users/ankitmalhotra/practice/electron-app/node_modules/json-stringify-safe/package.json
129 verbose installManyTop reading scoped package data from /Users/ankitmalhotra/practice/electron-app/node_modules/jsonfile/package.json
130 verbose installManyTop reading scoped package data from /Users/ankitmalhotra/practice/electron-app/node_modules/jsprim/package.json
131 verbose installManyTop reading scoped package data from /Users/ankitmalhotra/practice/electron-app/node_modules/klaw/package.json
132 verbose installManyTop reading scoped package data from /Users/ankitmalhotra/practice/electron-app/node_modules/lcid/package.json
133 verbose installManyTop reading scoped package data from /Users/ankitmalhotra/practice/electron-app/node_modules/load-json-file/package.json
134 verbose installManyTop reading scoped package data from /Users/ankitmalhotra/practice/electron-app/node_modules/lodash.assign/package.json
135 verbose installManyTop reading scoped package data from /Users/ankitmalhotra/practice/electron-app/node_modules/log-symbols/package.json
136 verbose installManyTop reading scoped package data from /Users/ankitmalhotra/practice/electron-app/node_modules/loud-rejection/package.json
137 verbose installManyTop reading scoped package data from /Users/ankitmalhotra/practice/electron-app/node_modules/map-obj/package.json
138 verbose installManyTop reading scoped package data from /Users/ankitmalhotra/practice/electron-app/node_modules/media-typer/package.json
139 verbose installManyTop reading scoped package data from /Users/ankitmalhotra/practice/electron-app/node_modules/meow/package.json
140 verbose installManyTop reading scoped package data from /Users/ankitmalhotra/practice/electron-app/node_modules/merge-descriptors/package.json
141 verbose installManyTop reading scoped package data from /Users/ankitmalhotra/practice/electron-app/node_modules/methods/package.json
142 verbose installManyTop reading scoped package data from /Users/ankitmalhotra/practice/electron-app/node_modules/mime/package.json
143 verbose installManyTop reading scoped package data from /Users/ankitmalhotra/practice/electron-app/node_modules/mime-db/package.json
144 verbose installManyTop reading scoped package data from /Users/ankitmalhotra/practice/electron-app/node_modules/mime-types/package.json
145 verbose installManyTop reading scoped package data from /Users/ankitmalhotra/practice/electron-app/node_modules/mimic-fn/package.json
146 verbose installManyTop reading scoped package data from /Users/ankitmalhotra/practice/electron-app/node_modules/minimatch/package.json
147 verbose installManyTop reading scoped package data from /Users/ankitmalhotra/practice/electron-app/node_modules/minimist/package.json
148 verbose installManyTop reading scoped package data from /Users/ankitmalhotra/practice/electron-app/node_modules/mkdirp/package.json
149 verbose installManyTop reading scoped package data from /Users/ankitmalhotra/practice/electron-app/node_modules/ms/package.json
150 verbose installManyTop reading scoped package data from /Users/ankitmalhotra/practice/electron-app/node_modules/nan/package.json
151 verbose installManyTop reading scoped package data from /Users/ankitmalhotra/practice/electron-app/node_modules/negotiator/package.json
152 verbose installManyTop reading scoped package data from /Users/ankitmalhotra/practice/electron-app/node_modules/net/package.json
153 verbose installManyTop reading scoped package data from /Users/ankitmalhotra/practice/electron-app/node_modules/node-abi/package.json
154 verbose installManyTop reading scoped package data from /Users/ankitmalhotra/practice/electron-app/node_modules/node-gyp/package.json
155 verbose installManyTop reading scoped package data from /Users/ankitmalhotra/practice/electron-app/node_modules/nopt/package.json
156 verbose installManyTop reading scoped package data from /Users/ankitmalhotra/practice/electron-app/node_modules/normalize-package-data/package.json
157 verbose installManyTop reading scoped package data from /Users/ankitmalhotra/practice/electron-app/node_modules/npmlog/package.json
158 verbose installManyTop reading scoped package data from /Users/ankitmalhotra/practice/electron-app/node_modules/nugget/package.json
159 verbose installManyTop reading scoped package data from /Users/ankitmalhotra/practice/electron-app/node_modules/number-is-nan/package.json
160 verbose installManyTop reading scoped package data from /Users/ankitmalhotra/practice/electron-app/node_modules/oauth-sign/package.json
161 verbose installManyTop reading scoped package data from /Users/ankitmalhotra/practice/electron-app/node_modules/object-assign/package.json
162 verbose installManyTop reading scoped package data from /Users/ankitmalhotra/practice/electron-app/node_modules/object-keys/package.json
163 verbose installManyTop reading scoped package data from /Users/ankitmalhotra/practice/electron-app/node_modules/on-finished/package.json
164 verbose installManyTop reading scoped package data from /Users/ankitmalhotra/practice/electron-app/node_modules/once/package.json
165 verbose installManyTop reading scoped package data from /Users/ankitmalhotra/practice/electron-app/node_modules/onetime/package.json
166 verbose installManyTop reading scoped package data from /Users/ankitmalhotra/practice/electron-app/node_modules/ora/package.json
167 verbose installManyTop reading scoped package data from /Users/ankitmalhotra/practice/electron-app/node_modules/os-homedir/package.json
168 verbose installManyTop reading scoped package data from /Users/ankitmalhotra/practice/electron-app/node_modules/os-locale/package.json
169 verbose installManyTop reading scoped package data from /Users/ankitmalhotra/practice/electron-app/node_modules/os-tmpdir/package.json
170 verbose installManyTop reading scoped package data from /Users/ankitmalhotra/practice/electron-app/node_modules/osenv/package.json
171 verbose installManyTop reading scoped package data from /Users/ankitmalhotra/practice/electron-app/node_modules/parse-json/package.json
172 verbose installManyTop reading scoped package data from /Users/ankitmalhotra/practice/electron-app/node_modules/parseurl/package.json
173 verbose installManyTop reading scoped package data from /Users/ankitmalhotra/practice/electron-app/node_modules/path-exists/package.json
174 verbose installManyTop reading scoped package data from /Users/ankitmalhotra/practice/electron-app/node_modules/path-is-absolute/package.json
175 verbose installManyTop reading scoped package data from /Users/ankitmalhotra/practice/electron-app/node_modules/path-to-regexp/package.json
176 verbose installManyTop reading scoped package data from /Users/ankitmalhotra/practice/electron-app/node_modules/path-type/package.json
177 verbose installManyTop reading scoped package data from /Users/ankitmalhotra/practice/electron-app/node_modules/pend/package.json
178 verbose installManyTop reading scoped package data from /Users/ankitmalhotra/practice/electron-app/node_modules/performance-now/package.json
179 verbose installManyTop reading scoped package data from /Users/ankitmalhotra/practice/electron-app/node_modules/pify/package.json
180 verbose installManyTop reading scoped package data from /Users/ankitmalhotra/practice/electron-app/node_modules/pinkie/package.json
181 verbose installManyTop reading scoped package data from /Users/ankitmalhotra/practice/electron-app/node_modules/pinkie-promise/package.json
182 verbose installManyTop reading scoped package data from /Users/ankitmalhotra/practice/electron-app/node_modules/pretty-bytes/package.json
183 verbose installManyTop reading scoped package data from /Users/ankitmalhotra/practice/electron-app/node_modules/process-nextick-args/package.json
184 verbose installManyTop reading scoped package data from /Users/ankitmalhotra/practice/electron-app/node_modules/progress-stream/package.json
185 verbose installManyTop reading scoped package data from /Users/ankitmalhotra/practice/electron-app/node_modules/proxy-addr/package.json
186 verbose installManyTop reading scoped package data from /Users/ankitmalhotra/practice/electron-app/node_modules/punycode/package.json
187 verbose installManyTop reading scoped package data from /Users/ankitmalhotra/practice/electron-app/node_modules/qs/package.json
188 verbose installManyTop reading scoped package data from /Users/ankitmalhotra/practice/electron-app/node_modules/range-parser/package.json
189 verbose installManyTop reading scoped package data from /Users/ankitmalhotra/practice/electron-app/node_modules/raw-body/package.json
190 verbose installManyTop reading scoped package data from /Users/ankitmalhotra/practice/electron-app/node_modules/rc/package.json
191 verbose installManyTop reading scoped package data from /Users/ankitmalhotra/practice/electron-app/node_modules/read-pkg/package.json
192 verbose installManyTop reading scoped package data from /Users/ankitmalhotra/practice/electron-app/node_modules/read-pkg-up/package.json
193 verbose installManyTop reading scoped package data from /Users/ankitmalhotra/practice/electron-app/node_modules/readable-stream/package.json
194 verbose installManyTop reading scoped package data from /Users/ankitmalhotra/practice/electron-app/node_modules/redent/package.json
195 verbose installManyTop reading scoped package data from /Users/ankitmalhotra/practice/electron-app/node_modules/repeating/package.json
196 verbose installManyTop reading scoped package data from /Users/ankitmalhotra/practice/electron-app/node_modules/request/package.json
197 verbose installManyTop reading scoped package data from /Users/ankitmalhotra/practice/electron-app/node_modules/require-directory/package.json
198 verbose installManyTop reading scoped package data from /Users/ankitmalhotra/practice/electron-app/node_modules/require-main-filename/package.json
199 verbose installManyTop reading scoped package data from /Users/ankitmalhotra/practice/electron-app/node_modules/restore-cursor/package.json
200 verbose installManyTop reading scoped package data from /Users/ankitmalhotra/practice/electron-app/node_modules/rimraf/package.json
201 verbose installManyTop reading scoped package data from /Users/ankitmalhotra/practice/electron-app/node_modules/rxjs/package.json
202 verbose installManyTop reading scoped package data from /Users/ankitmalhotra/practice/electron-app/node_modules/safe-buffer/package.json
203 verbose installManyTop reading scoped package data from /Users/ankitmalhotra/practice/electron-app/node_modules/semver/package.json
204 verbose installManyTop reading scoped package data from /Users/ankitmalhotra/practice/electron-app/node_modules/send/package.json
205 verbose installManyTop reading scoped package data from /Users/ankitmalhotra/practice/electron-app/node_modules/serve-static/package.json
206 verbose installManyTop reading scoped package data from /Users/ankitmalhotra/practice/electron-app/node_modules/set-blocking/package.json
207 verbose installManyTop reading scoped package data from /Users/ankitmalhotra/practice/electron-app/node_modules/setprototypeof/package.json
208 verbose installManyTop reading scoped package data from /Users/ankitmalhotra/practice/electron-app/node_modules/signal-exit/package.json
209 verbose installManyTop reading scoped package data from /Users/ankitmalhotra/practice/electron-app/node_modules/single-line-log/package.json
210 verbose installManyTop reading scoped package data from /Users/ankitmalhotra/practice/electron-app/node_modules/sntp/package.json
211 verbose installManyTop reading scoped package data from /Users/ankitmalhotra/practice/electron-app/node_modules/spawn-rx/package.json
212 verbose installManyTop reading scoped package data from /Users/ankitmalhotra/practice/electron-app/node_modules/spdx-correct/package.json
213 verbose installManyTop reading scoped package data from /Users/ankitmalhotra/practice/electron-app/node_modules/spdx-exceptions/package.json
214 verbose installManyTop reading scoped package data from /Users/ankitmalhotra/practice/electron-app/node_modules/spdx-expression-parse/package.json
215 verbose installManyTop reading scoped package data from /Users/ankitmalhotra/practice/electron-app/node_modules/spdx-license-ids/package.json
216 verbose installManyTop reading scoped package data from /Users/ankitmalhotra/practice/electron-app/node_modules/speedometer/package.json
217 verbose installManyTop reading scoped package data from /Users/ankitmalhotra/practice/electron-app/node_modules/sshpk/package.json
218 verbose installManyTop reading scoped package data from /Users/ankitmalhotra/practice/electron-app/node_modules/statuses/package.json
219 verbose installManyTop reading scoped package data from /Users/ankitmalhotra/practice/electron-app/node_modules/string-width/package.json
220 verbose installManyTop reading scoped package data from /Users/ankitmalhotra/practice/electron-app/node_modules/string_decoder/package.json
221 verbose installManyTop reading scoped package data from /Users/ankitmalhotra/practice/electron-app/node_modules/stringstream/package.json
222 verbose installManyTop reading scoped package data from /Users/ankitmalhotra/practice/electron-app/node_modules/strip-ansi/package.json
223 verbose installManyTop reading scoped package data from /Users/ankitmalhotra/practice/electron-app/node_modules/strip-bom/package.json
224 verbose installManyTop reading scoped package data from /Users/ankitmalhotra/practice/electron-app/node_modules/strip-indent/package.json
225 verbose installManyTop reading scoped package data from /Users/ankitmalhotra/practice/electron-app/node_modules/strip-json-comments/package.json
226 verbose installManyTop reading scoped package data from /Users/ankitmalhotra/practice/electron-app/node_modules/sumchecker/package.json
227 verbose installManyTop reading scoped package data from /Users/ankitmalhotra/practice/electron-app/node_modules/supports-color/package.json
228 verbose installManyTop reading scoped package data from /Users/ankitmalhotra/practice/electron-app/node_modules/symbol-observable/package.json
229 verbose installManyTop reading scoped package data from /Users/ankitmalhotra/practice/electron-app/node_modules/tar/package.json
230 verbose installManyTop reading scoped package data from /Users/ankitmalhotra/practice/electron-app/node_modules/throttleit/package.json
231 verbose installManyTop reading scoped package data from /Users/ankitmalhotra/practice/electron-app/node_modules/through2/package.json
232 verbose installManyTop reading scoped package data from /Users/ankitmalhotra/practice/electron-app/node_modules/tough-cookie/package.json
233 verbose installManyTop reading scoped package data from /Users/ankitmalhotra/practice/electron-app/node_modules/trim-newlines/package.json
234 verbose installManyTop reading scoped package data from /Users/ankitmalhotra/practice/electron-app/node_modules/tunnel-agent/package.json
235 verbose installManyTop reading scoped package data from /Users/ankitmalhotra/practice/electron-app/node_modules/tweetnacl/package.json
236 verbose installManyTop reading scoped package data from /Users/ankitmalhotra/practice/electron-app/node_modules/type-is/package.json
237 verbose installManyTop reading scoped package data from /Users/ankitmalhotra/practice/electron-app/node_modules/typedarray/package.json
238 verbose installManyTop reading scoped package data from /Users/ankitmalhotra/practice/electron-app/node_modules/universalify/package.json
239 verbose installManyTop reading scoped package data from /Users/ankitmalhotra/practice/electron-app/node_modules/unpipe/package.json
240 verbose installManyTop reading scoped package data from /Users/ankitmalhotra/practice/electron-app/node_modules/util-deprecate/package.json
241 verbose installManyTop reading scoped package data from /Users/ankitmalhotra/practice/electron-app/node_modules/utils-merge/package.json
242 verbose installManyTop reading scoped package data from /Users/ankitmalhotra/practice/electron-app/node_modules/uuid/package.json
243 verbose installManyTop reading scoped package data from /Users/ankitmalhotra/practice/electron-app/node_modules/validate-npm-package-license/package.json
244 verbose installManyTop reading scoped package data from /Users/ankitmalhotra/practice/electron-app/node_modules/vary/package.json
245 verbose installManyTop reading scoped package data from /Users/ankitmalhotra/practice/electron-app/node_modules/verror/package.json
246 verbose installManyTop reading scoped package data from /Users/ankitmalhotra/practice/electron-app/node_modules/which/package.json
247 verbose installManyTop reading scoped package data from /Users/ankitmalhotra/practice/electron-app/node_modules/which-module/package.json
248 verbose installManyTop reading scoped package data from /Users/ankitmalhotra/practice/electron-app/node_modules/wide-align/package.json
249 verbose installManyTop reading scoped package data from /Users/ankitmalhotra/practice/electron-app/node_modules/wrap-ansi/package.json
250 verbose installManyTop reading scoped package data from /Users/ankitmalhotra/practice/electron-app/node_modules/wrappy/package.json
251 verbose installManyTop reading scoped package data from /Users/ankitmalhotra/practice/electron-app/node_modules/xtend/package.json
252 verbose installManyTop reading scoped package data from /Users/ankitmalhotra/practice/electron-app/node_modules/y18n/package.json
253 verbose installManyTop reading scoped package data from /Users/ankitmalhotra/practice/electron-app/node_modules/yargs/package.json
254 verbose installManyTop reading scoped package data from /Users/ankitmalhotra/practice/electron-app/node_modules/yargs-parser/package.json
255 verbose installManyTop reading scoped package data from /Users/ankitmalhotra/practice/electron-app/node_modules/yauzl/package.json
256 verbose installManyTop reading scoped package data from /Users/ankitmalhotra/practice/electron-app/node_modules/@types/node/package.json
257 info package.json bcrypt-pbkdf@1.0.1 No repository field.
258 info package.json json-schema@0.2.3 No license field.
259 info package.json net@1.0.2 net is also the name of a node core module.
260 info package.json net@1.0.2 'repositories' (plural) Not supported. Please pick one as the 'repository' field
261 info package.json net@1.0.2 No README data
262 info package.json net@1.0.2 license should be a valid SPDX license expression
263 info package.json nugget@2.0.1 license should be a valid SPDX license expression
264 info package.json punycode@1.4.1 punycode is also the name of a node core module.
265 info package.json speedometer@0.1.4 No license field.
266 info package.json string_decoder@0.10.31 string_decoder is also the name of a node core module.
267 info package.json xtend@2.1.2 No license field.
268 verbose readDependencies loading dependencies from /Users/ankitmalhotra/practice/electron-app/package.json
269 silly cache add args [ 'spellchecker', null ]
270 verbose cache add spec spellchecker
271 silly cache add parsed spec Result {
271 silly cache add   raw: 'spellchecker',
271 silly cache add   scope: null,
271 silly cache add   name: 'spellchecker',
271 silly cache add   rawSpec: '',
271 silly cache add   spec: '*',
271 silly cache add   type: 'range' }
272 silly addNamed spellchecker@*
273 verbose addNamed "*" is a valid semver range for spellchecker
274 silly addNameRange { name: 'spellchecker', range: '*', hasData: false }
275 silly mapToRegistry name spellchecker
276 silly mapToRegistry using default registry
277 silly mapToRegistry registry https://registry.npmjs.org/
278 silly mapToRegistry uri https://registry.npmjs.org/spellchecker
279 verbose addNameRange registry:https://registry.npmjs.org/spellchecker not in flight; fetching
280 verbose request uri https://registry.npmjs.org/spellchecker
281 verbose request no auth needed
282 info attempt registry request try #1 at 11:46:09 AM
283 verbose request id efcfda7e806bec63
284 verbose etag "59dd4d26-b019"
285 verbose lastModified Tue, 10 Oct 2017 22:43:50 GMT
286 http request GET https://registry.npmjs.org/spellchecker
287 http 304 https://registry.npmjs.org/spellchecker
288 verbose headers { date: 'Mon, 12 Mar 2018 06:16:10 GMT',
288 verbose headers   via: '1.1 varnish',
288 verbose headers   'cache-control': 'max-age=300',
288 verbose headers   etag: '"59dd4d26-b019"',
288 verbose headers   age: '160',
288 verbose headers   connection: 'keep-alive',
288 verbose headers   'x-served-by': 'cache-cdg8727-CDG',
288 verbose headers   'x-cache': 'HIT',
288 verbose headers   'x-cache-hits': '1',
288 verbose headers   'x-timer': 'S1520835370.070536,VS0,VE0',
288 verbose headers   vary: 'Accept-Encoding, Accept' }
289 silly get cb [ 304,
289 silly get   { date: 'Mon, 12 Mar 2018 06:16:10 GMT',
289 silly get     via: '1.1 varnish',
289 silly get     'cache-control': 'max-age=300',
289 silly get     etag: '"59dd4d26-b019"',
289 silly get     age: '160',
289 silly get     connection: 'keep-alive',
289 silly get     'x-served-by': 'cache-cdg8727-CDG',
289 silly get     'x-cache': 'HIT',
289 silly get     'x-cache-hits': '1',
289 silly get     'x-timer': 'S1520835370.070536,VS0,VE0',
289 silly get     vary: 'Accept-Encoding, Accept' } ]
290 verbose etag https://registry.npmjs.org/spellchecker from cache
291 verbose get saving spellchecker to /Users/ankitmalhotra/.npm/registry.npmjs.org/spellchecker/.cache.json
292 silly addNameRange number 2 { name: 'spellchecker', range: '*', hasData: true }
293 silly addNameRange versions [ 'spellchecker',
293 silly addNameRange   [ '0.2.0',
293 silly addNameRange     '0.3.0',
293 silly addNameRange     '0.4.0',
293 silly addNameRange     '0.5.0',
293 silly addNameRange     '0.6.0',
293 silly addNameRange     '0.7.0',
293 silly addNameRange     '0.8.0',
293 silly addNameRange     '0.9.0',
293 silly addNameRange     '1.0.0',
293 silly addNameRange     '1.0.1',
293 silly addNameRange     '1.1.0',
293 silly addNameRange     '2.0.0',
293 silly addNameRange     '2.1.0',
293 silly addNameRange     '2.2.0',
293 silly addNameRange     '2.2.1',
293 silly addNameRange     '3.0.0',
293 silly addNameRange     '3.1.0',
293 silly addNameRange     '3.1.1',
293 silly addNameRange     '3.1.2',
293 silly addNameRange     '3.1.3',
293 silly addNameRange     '3.2.0-0',
293 silly addNameRange     '3.2.0',
293 silly addNameRange     '3.2.1',
293 silly addNameRange     '3.2.2',
293 silly addNameRange     '3.2.3',
293 silly addNameRange     '3.3.0',
293 silly addNameRange     '3.3.1',
293 silly addNameRange     '3.4.0',
293 silly addNameRange     '3.4.1',
293 silly addNameRange     '3.4.2',
293 silly addNameRange     '3.4.3',
293 silly addNameRange     '3.4.4' ] ]
294 silly addNamed spellchecker@3.4.4
295 verbose addNamed "3.4.4" is a plain semver version for spellchecker
296 silly cache afterAdd spellchecker@3.4.4
297 verbose afterAdd /Users/ankitmalhotra/.npm/spellchecker/3.4.4/package/package.json not in flight; writing
298 verbose afterAdd /Users/ankitmalhotra/.npm/spellchecker/3.4.4/package/package.json written
299 silly install resolved [ { main: './lib/spellchecker.js',
299 silly install resolved     name: 'spellchecker',
299 silly install resolved     description: 'Bindings to native spellchecker',
299 silly install resolved     version: '3.4.4',
299 silly install resolved     licenses: [ [Object] ],
299 silly install resolved     repository:
299 silly install resolved      { type: 'git',
299 silly install resolved        url: 'git+https://github.com/atom/node-spellchecker.git' },
299 silly install resolved     bugs: { url: 'https://github.com/atom/node-spellchecker/issues' },
299 silly install resolved     homepage: 'http://atom.github.io/node-spellchecker',
299 silly install resolved     scripts:
299 silly install resolved      { test: 'jasmine-focused --captureExceptions --coffee spec/',
299 silly install resolved        install: 'node-gyp rebuild' },
299 silly install resolved     devDependencies: { 'jasmine-focused': '1.x' },
299 silly install resolved     dependencies: { 'any-promise': '^1.3.0', nan: '^2.0.0' },
299 silly install resolved     gypfile: true,
299 silly install resolved     gitHead: 'edf4678e2853dae42630f2b6024c1311c461b0fc',
299 silly install resolved     _id: 'spellchecker@3.4.4',
299 silly install resolved     _npmVersion: '5.4.2',
299 silly install resolved     _nodeVersion: '7.6.0',
299 silly install resolved     _npmUser: { name: 'damieng', email: 'damieng@gmail.com' },
299 silly install resolved     dist:
299 silly install resolved      { integrity: 'sha512-l0s86YZs5+PzATeFbqD0sTSMEF7bgzqUYgxrU8+nBSw3V19tzRYKMi+hDGG6v8MskWeG2dRK0Q79sqs1eGIKwQ==',
299 silly install resolved        shasum: '5c5384786e207efd3b76d18c77ae928971cd7b52',
299 silly install resolved        tarball: 'https://registry.npmjs.org/spellchecker/-/spellchecker-3.4.4.tgz' },
299 silly install resolved     maintainers:
299 silly install resolved      [ [Object],
299 silly install resolved        [Object],
299 silly install resolved        [Object],
299 silly install resolved        [Object],
299 silly install resolved        [Object],
299 silly install resolved        [Object],
299 silly install resolved        [Object],
299 silly install resolved        [Object] ],
299 silly install resolved     _npmOperationalInternal:
299 silly install resolved      { host: 's3://npm-registry-packages',
299 silly install resolved        tmp: 'tmp/spellchecker-3.4.4.tgz_1507675398180_0.3351121135056019' },
299 silly install resolved     directories: {},
299 silly install resolved     _shasum: '5c5384786e207efd3b76d18c77ae928971cd7b52',
299 silly install resolved     _resolved: 'https://registry.npmjs.org/spellchecker/-/spellchecker-3.4.4.tgz',
299 silly install resolved     _from: 'spellchecker@*',
299 silly install resolved     readme: 'ERROR: No README data found!' } ]
300 info install spellchecker@3.4.4 into /Users/ankitmalhotra/practice/electron-app
301 info installOne spellchecker@3.4.4
302 verbose installOne of spellchecker to /Users/ankitmalhotra/practice/electron-app not in flight; installing
303 verbose lock using /Users/ankitmalhotra/.npm/_locks/spellchecker-5c31ee386d3d82cb.lock for /Users/ankitmalhotra/practice/electron-app/node_modules/spellchecker
304 silly install write writing spellchecker 3.4.4 to /Users/ankitmalhotra/practice/electron-app/node_modules/spellchecker
305 verbose unbuild node_modules/spellchecker
306 silly gentlyRm /Users/ankitmalhotra/practice/electron-app/node_modules/spellchecker is being purged from base /Users/ankitmalhotra/practice/electron-app
307 verbose gentlyRm don't care about contents; nuking /Users/ankitmalhotra/practice/electron-app/node_modules/spellchecker
308 verbose tar unpack /Users/ankitmalhotra/.npm/spellchecker/3.4.4/package.tgz
309 verbose tar unpacking to /Users/ankitmalhotra/practice/electron-app/node_modules/spellchecker
310 silly gentlyRm /Users/ankitmalhotra/practice/electron-app/node_modules/spellchecker is being purged
311 verbose gentlyRm don't care about contents; nuking /Users/ankitmalhotra/practice/electron-app/node_modules/spellchecker
312 silly gunzTarPerm modes [ '755', '644' ]
313 silly gunzTarPerm extractEntry package.json
314 silly gunzTarPerm modified mode [ 'package.json', 438, 420 ]
315 silly gunzTarPerm extractEntry binding.gyp
316 silly gunzTarPerm modified mode [ 'binding.gyp', 438, 420 ]
317 silly gunzTarPerm extractEntry LICENSE.md
318 silly gunzTarPerm modified mode [ 'LICENSE.md', 438, 420 ]
319 silly gunzTarPerm extractEntry README.md
320 silly gunzTarPerm modified mode [ 'README.md', 438, 420 ]
321 silly gunzTarPerm extractEntry lib/spellchecker.js
322 silly gunzTarPerm modified mode [ 'lib/spellchecker.js', 438, 420 ]
323 silly gunzTarPerm extractEntry src/main.cc
324 silly gunzTarPerm modified mode [ 'src/main.cc', 438, 420 ]
325 silly gunzTarPerm extractEntry src/spellchecker_hunspell.cc
326 silly gunzTarPerm modified mode [ 'src/spellchecker_hunspell.cc', 438, 420 ]
327 silly gunzTarPerm extractEntry src/spellchecker_hunspell.h
328 silly gunzTarPerm modified mode [ 'src/spellchecker_hunspell.h', 438, 420 ]
329 silly gunzTarPerm extractEntry src/spellchecker_linux.cc
330 silly gunzTarPerm modified mode [ 'src/spellchecker_linux.cc', 438, 420 ]
331 silly gunzTarPerm extractEntry src/spellchecker_mac.h
332 silly gunzTarPerm modified mode [ 'src/spellchecker_mac.h', 438, 420 ]
333 silly gunzTarPerm extractEntry src/spellchecker_mac.mm
334 silly gunzTarPerm modified mode [ 'src/spellchecker_mac.mm', 438, 420 ]
335 silly gunzTarPerm extractEntry src/spellchecker_win.cc
336 silly gunzTarPerm modified mode [ 'src/spellchecker_win.cc', 438, 420 ]
337 silly gunzTarPerm extractEntry src/spellchecker_win.h
338 silly gunzTarPerm modified mode [ 'src/spellchecker_win.h', 438, 420 ]
339 silly gunzTarPerm extractEntry src/spellchecker.h
340 silly gunzTarPerm modified mode [ 'src/spellchecker.h', 438, 420 ]
341 silly gunzTarPerm extractEntry src/transcoder_posix.cc
342 silly gunzTarPerm modified mode [ 'src/transcoder_posix.cc', 438, 420 ]
343 silly gunzTarPerm extractEntry src/transcoder_win.cc
344 silly gunzTarPerm modified mode [ 'src/transcoder_win.cc', 438, 420 ]
345 silly gunzTarPerm extractEntry src/transcoder.h
346 silly gunzTarPerm modified mode [ 'src/transcoder.h', 438, 420 ]
347 silly gunzTarPerm extractEntry src/worker.cc
348 silly gunzTarPerm modified mode [ 'src/worker.cc', 438, 420 ]
349 silly gunzTarPerm extractEntry src/worker.h
350 silly gunzTarPerm modified mode [ 'src/worker.h', 438, 420 ]
351 silly gunzTarPerm extractEntry vendor/hunspell_dictionaries/en_US.aff
352 silly gunzTarPerm modified mode [ 'vendor/hunspell_dictionaries/en_US.aff', 438, 420 ]
353 silly gunzTarPerm extractEntry vendor/hunspell_dictionaries/en_US.dic
354 silly gunzTarPerm modified mode [ 'vendor/hunspell_dictionaries/en_US.dic', 438, 420 ]
355 silly gunzTarPerm extractEntry vendor/hunspell_dictionaries/README.txt
356 silly gunzTarPerm modified mode [ 'vendor/hunspell_dictionaries/README.txt', 438, 420 ]
357 silly gunzTarPerm extractEntry vendor/hunspell/AUTHORS
358 silly gunzTarPerm modified mode [ 'vendor/hunspell/AUTHORS', 438, 420 ]
359 silly gunzTarPerm extractEntry vendor/hunspell/BUGS
360 silly gunzTarPerm modified mode [ 'vendor/hunspell/BUGS', 438, 420 ]
361 silly gunzTarPerm extractEntry vendor/hunspell/ChangeLog
362 silly gunzTarPerm modified mode [ 'vendor/hunspell/ChangeLog', 438, 420 ]
363 silly gunzTarPerm extractEntry vendor/hunspell/COPYING
364 silly gunzTarPerm modified mode [ 'vendor/hunspell/COPYING', 438, 420 ]
365 silly gunzTarPerm extractEntry vendor/hunspell/COPYING.LGPL
366 silly gunzTarPerm modified mode [ 'vendor/hunspell/COPYING.LGPL', 438, 420 ]
367 silly gunzTarPerm extractEntry vendor/hunspell/COPYING.MPL
368 silly gunzTarPerm modified mode [ 'vendor/hunspell/COPYING.MPL', 438, 420 ]
369 silly gunzTarPerm extractEntry vendor/hunspell/README
370 silly gunzTarPerm modified mode [ 'vendor/hunspell/README', 438, 420 ]
371 silly gunzTarPerm extractEntry vendor/hunspell/src/hunspell/affentry.cxx
372 silly gunzTarPerm modified mode [ 'vendor/hunspell/src/hunspell/affentry.cxx', 438, 420 ]
373 silly gunzTarPerm extractEntry vendor/hunspell/src/hunspell/affentry.hxx
374 silly gunzTarPerm modified mode [ 'vendor/hunspell/src/hunspell/affentry.hxx', 438, 420 ]
375 silly gunzTarPerm extractEntry vendor/hunspell/src/hunspell/affixmgr.cxx
376 silly gunzTarPerm modified mode [ 'vendor/hunspell/src/hunspell/affixmgr.cxx', 438, 420 ]
377 silly gunzTarPerm extractEntry vendor/hunspell/src/hunspell/affixmgr.hxx
378 silly gunzTarPerm modified mode [ 'vendor/hunspell/src/hunspell/affixmgr.hxx', 438, 420 ]
379 silly gunzTarPerm extractEntry vendor/hunspell/src/hunspell/atypes.hxx
380 silly gunzTarPerm modified mode [ 'vendor/hunspell/src/hunspell/atypes.hxx', 438, 420 ]
381 silly gunzTarPerm extractEntry vendor/hunspell/src/hunspell/baseaffix.hxx
382 silly gunzTarPerm modified mode [ 'vendor/hunspell/src/hunspell/baseaffix.hxx', 438, 420 ]
383 silly gunzTarPerm extractEntry vendor/hunspell/src/hunspell/csutil.cxx
384 silly gunzTarPerm modified mode [ 'vendor/hunspell/src/hunspell/csutil.cxx', 438, 420 ]
385 silly gunzTarPerm extractEntry vendor/hunspell/src/hunspell/csutil.hxx
386 silly gunzTarPerm modified mode [ 'vendor/hunspell/src/hunspell/csutil.hxx', 438, 420 ]
387 silly gunzTarPerm extractEntry vendor/hunspell/src/hunspell/dictmgr.cxx
388 silly gunzTarPerm modified mode [ 'vendor/hunspell/src/hunspell/dictmgr.cxx', 438, 420 ]
389 silly gunzTarPerm extractEntry vendor/hunspell/src/hunspell/dictmgr.hxx
390 silly gunzTarPerm modified mode [ 'vendor/hunspell/src/hunspell/dictmgr.hxx', 438, 420 ]
391 silly gunzTarPerm extractEntry vendor/hunspell/src/hunspell/filemgr.cxx
392 silly gunzTarPerm modified mode [ 'vendor/hunspell/src/hunspell/filemgr.cxx', 438, 420 ]
393 silly gunzTarPerm extractEntry vendor/hunspell/src/hunspell/filemgr.hxx
394 silly gunzTarPerm modified mode [ 'vendor/hunspell/src/hunspell/filemgr.hxx', 438, 420 ]
395 silly gunzTarPerm extractEntry vendor/hunspell/src/hunspell/hashmgr.cxx
396 silly gunzTarPerm modified mode [ 'vendor/hunspell/src/hunspell/hashmgr.cxx', 438, 420 ]
397 silly gunzTarPerm extractEntry vendor/hunspell/src/hunspell/hashmgr.hxx
398 silly gunzTarPerm modified mode [ 'vendor/hunspell/src/hunspell/hashmgr.hxx', 438, 420 ]
399 silly gunzTarPerm extractEntry vendor/hunspell/src/hunspell/htypes.hxx
400 silly gunzTarPerm modified mode [ 'vendor/hunspell/src/hunspell/htypes.hxx', 438, 420 ]
401 silly gunzTarPerm extractEntry vendor/hunspell/src/hunspell/hunspell.cxx
402 silly gunzTarPerm modified mode [ 'vendor/hunspell/src/hunspell/hunspell.cxx', 438, 420 ]
403 silly gunzTarPerm extractEntry vendor/hunspell/src/hunspell/hunspell.dsp
404 silly gunzTarPerm modified mode [ 'vendor/hunspell/src/hunspell/hunspell.dsp', 438, 420 ]
405 silly gunzTarPerm extractEntry vendor/hunspell/src/hunspell/hunspell.h
406 silly gunzTarPerm modified mode [ 'vendor/hunspell/src/hunspell/hunspell.h', 438, 420 ]
407 silly gunzTarPerm extractEntry vendor/hunspell/src/hunspell/hunspell.hxx
408 silly gunzTarPerm modified mode [ 'vendor/hunspell/src/hunspell/hunspell.hxx', 438, 420 ]
409 silly gunzTarPerm extractEntry vendor/hunspell/src/hunspell/hunvisapi.h
410 silly gunzTarPerm modified mode [ 'vendor/hunspell/src/hunspell/hunvisapi.h', 438, 420 ]
411 silly gunzTarPerm extractEntry vendor/hunspell/src/hunspell/hunvisapi.h.in
412 silly gunzTarPerm modified mode [ 'vendor/hunspell/src/hunspell/hunvisapi.h.in', 438, 420 ]
413 silly gunzTarPerm extractEntry vendor/hunspell/src/hunspell/hunzip.cxx
414 silly gunzTarPerm modified mode [ 'vendor/hunspell/src/hunspell/hunzip.cxx', 438, 420 ]
415 silly gunzTarPerm extractEntry vendor/hunspell/src/hunspell/hunzip.hxx
416 silly gunzTarPerm modified mode [ 'vendor/hunspell/src/hunspell/hunzip.hxx', 438, 420 ]
417 silly gunzTarPerm extractEntry vendor/hunspell/src/hunspell/langnum.hxx
418 silly gunzTarPerm modified mode [ 'vendor/hunspell/src/hunspell/langnum.hxx', 438, 420 ]
419 silly gunzTarPerm extractEntry vendor/hunspell/src/hunspell/license.hunspell
420 silly gunzTarPerm modified mode [ 'vendor/hunspell/src/hunspell/license.hunspell', 438, 420 ]
421 silly gunzTarPerm extractEntry vendor/hunspell/src/hunspell/license.myspell
422 silly gunzTarPerm modified mode [ 'vendor/hunspell/src/hunspell/license.myspell', 438, 420 ]
423 silly gunzTarPerm extractEntry vendor/hunspell/src/hunspell/phonet.cxx
424 silly gunzTarPerm modified mode [ 'vendor/hunspell/src/hunspell/phonet.cxx', 438, 420 ]
425 silly gunzTarPerm extractEntry vendor/hunspell/src/hunspell/phonet.hxx
426 silly gunzTarPerm modified mode [ 'vendor/hunspell/src/hunspell/phonet.hxx', 438, 420 ]
427 silly gunzTarPerm extractEntry vendor/hunspell/src/hunspell/README
428 silly gunzTarPerm modified mode [ 'vendor/hunspell/src/hunspell/README', 438, 420 ]
429 silly gunzTarPerm extractEntry vendor/hunspell/src/hunspell/replist.cxx
430 silly gunzTarPerm modified mode [ 'vendor/hunspell/src/hunspell/replist.cxx', 438, 420 ]
431 silly gunzTarPerm extractEntry vendor/hunspell/src/hunspell/replist.hxx
432 silly gunzTarPerm modified mode [ 'vendor/hunspell/src/hunspell/replist.hxx', 438, 420 ]
433 silly gunzTarPerm extractEntry vendor/hunspell/src/hunspell/suggestmgr.cxx
434 silly gunzTarPerm modified mode [ 'vendor/hunspell/src/hunspell/suggestmgr.cxx', 438, 420 ]
435 silly gunzTarPerm extractEntry vendor/hunspell/src/hunspell/suggestmgr.hxx
436 silly gunzTarPerm modified mode [ 'vendor/hunspell/src/hunspell/suggestmgr.hxx', 438, 420 ]
437 silly gunzTarPerm extractEntry vendor/hunspell/src/hunspell/utf_info.cxx
438 silly gunzTarPerm modified mode [ 'vendor/hunspell/src/hunspell/utf_info.cxx', 438, 420 ]
439 silly gunzTarPerm extractEntry vendor/hunspell/src/hunspell/w_char.hxx
440 silly gunzTarPerm modified mode [ 'vendor/hunspell/src/hunspell/w_char.hxx', 438, 420 ]
441 silly gunzTarPerm extractEntry vendor/hunspell/src/parsers/firstparser.cxx
442 silly gunzTarPerm modified mode [ 'vendor/hunspell/src/parsers/firstparser.cxx', 438, 420 ]
443 silly gunzTarPerm extractEntry vendor/hunspell/src/parsers/firstparser.hxx
444 silly gunzTarPerm modified mode [ 'vendor/hunspell/src/parsers/firstparser.hxx', 438, 420 ]
445 silly gunzTarPerm extractEntry vendor/hunspell/src/parsers/htmlparser.cxx
446 silly gunzTarPerm modified mode [ 'vendor/hunspell/src/parsers/htmlparser.cxx', 438, 420 ]
447 silly gunzTarPerm extractEntry vendor/hunspell/src/parsers/htmlparser.hxx
448 silly gunzTarPerm modified mode [ 'vendor/hunspell/src/parsers/htmlparser.hxx', 438, 420 ]
449 silly gunzTarPerm extractEntry vendor/hunspell/src/parsers/latexparser.cxx
450 silly gunzTarPerm modified mode [ 'vendor/hunspell/src/parsers/latexparser.cxx', 438, 420 ]
451 silly gunzTarPerm extractEntry vendor/hunspell/src/parsers/latexparser.hxx
452 silly gunzTarPerm modified mode [ 'vendor/hunspell/src/parsers/latexparser.hxx', 438, 420 ]
453 silly gunzTarPerm extractEntry vendor/hunspell/src/parsers/manparser.cxx
454 silly gunzTarPerm modified mode [ 'vendor/hunspell/src/parsers/manparser.cxx', 438, 420 ]
455 silly gunzTarPerm extractEntry vendor/hunspell/src/parsers/manparser.hxx
456 silly gunzTarPerm modified mode [ 'vendor/hunspell/src/parsers/manparser.hxx', 438, 420 ]
457 silly gunzTarPerm extractEntry vendor/hunspell/src/parsers/testparser.cxx
458 silly gunzTarPerm modified mode [ 'vendor/hunspell/src/parsers/testparser.cxx', 438, 420 ]
459 silly gunzTarPerm extractEntry vendor/hunspell/src/parsers/textparser.cxx
460 silly gunzTarPerm modified mode [ 'vendor/hunspell/src/parsers/textparser.cxx', 438, 420 ]
461 silly gunzTarPerm extractEntry vendor/hunspell/src/parsers/textparser.hxx
462 silly gunzTarPerm modified mode [ 'vendor/hunspell/src/parsers/textparser.hxx', 438, 420 ]
463 silly gunzTarPerm extractEntry vendor/hunspell/THANKS
464 silly gunzTarPerm modified mode [ 'vendor/hunspell/THANKS', 438, 420 ]
465 verbose write writing to /Users/ankitmalhotra/practice/electron-app/node_modules/spellchecker/package.json
466 info preinstall spellchecker@3.4.4
467 verbose readDependencies loading dependencies from /Users/ankitmalhotra/practice/electron-app/node_modules/spellchecker/package.json
468 verbose readDependencies loading dependencies from /Users/ankitmalhotra/practice/electron-app/node_modules/spellchecker/package.json
469 silly install resolved []
470 verbose about to build /Users/ankitmalhotra/practice/electron-app/node_modules/spellchecker
471 info build /Users/ankitmalhotra/practice/electron-app/node_modules/spellchecker
472 info linkStuff spellchecker@3.4.4
473 silly linkStuff spellchecker@3.4.4 has /Users/ankitmalhotra/practice/electron-app/node_modules as its parent node_modules
474 verbose linkBins spellchecker@3.4.4
475 verbose linkMans spellchecker@3.4.4
476 verbose rebuildBundles spellchecker@3.4.4
477 info install spellchecker@3.4.4
478 verbose unsafe-perm in lifecycle true
479 info spellchecker@3.4.4 Failed to exec install script
480 verbose unlock done using /Users/ankitmalhotra/.npm/_locks/spellchecker-5c31ee386d3d82cb.lock for /Users/ankitmalhotra/practice/electron-app/node_modules/spellchecker
481 verbose stack Error: spellchecker@3.4.4 install: `node-gyp rebuild`
481 verbose stack Exit status 1
481 verbose stack     at EventEmitter.<anonymous> (/Users/ankitmalhotra/.nvm/versions/node/v4.2.2/lib/node_modules/npm/lib/utils/lifecycle.js:214:16)
481 verbose stack     at emitTwo (events.js:87:13)
481 verbose stack     at EventEmitter.emit (events.js:172:7)
481 verbose stack     at ChildProcess.<anonymous> (/Users/ankitmalhotra/.nvm/versions/node/v4.2.2/lib/node_modules/npm/lib/utils/spawn.js:24:14)
481 verbose stack     at emitTwo (events.js:87:13)
481 verbose stack     at ChildProcess.emit (events.js:172:7)
481 verbose stack     at maybeClose (internal/child_process.js:818:16)
481 verbose stack     at Process.ChildProcess._handle.onexit (internal/child_process.js:211:5)
482 verbose pkgid spellchecker@3.4.4
483 verbose cwd /Users/ankitmalhotra/practice/electron-app/src
484 error Darwin 16.6.0
485 error argv "/Users/ankitmalhotra/.nvm/versions/node/v4.2.2/bin/node" "/Users/ankitmalhotra/.nvm/versions/node/v4.2.2/bin/npm" "install" "--save" "spellchecker"
486 error node v4.2.2
487 error npm  v2.14.7
488 error code ELIFECYCLE
489 error spellchecker@3.4.4 install: `node-gyp rebuild`
489 error Exit status 1
490 error Failed at the spellchecker@3.4.4 install script 'node-gyp rebuild'.
490 error This is most likely a problem with the spellchecker package,
490 error not with npm itself.
490 error Tell the author that this fails on your system:
490 error     node-gyp rebuild
490 error You can get their info via:
490 error     npm owner ls spellchecker
490 error There is likely additional logging output above.
491 verbose exit [ 1, true ]
492 verbose unbuild node_modules/spellchecker
493 info preuninstall spellchecker@3.4.4
494 info uninstall spellchecker@3.4.4
495 verbose unbuild rmStuff spellchecker@3.4.4 from /Users/ankitmalhotra/practice/electron-app/node_modules
496 info postuninstall spellchecker@3.4.4
497 silly gentlyRm /Users/ankitmalhotra/practice/electron-app/node_modules/spellchecker is being purged from base /Users/ankitmalhotra/practice/electron-app
498 verbose gentlyRm don't care about contents; nuking /Users/ankitmalhotra/practice/electron-app/node_modules/spellchecker
499 silly vacuum-fs purging /Users/ankitmalhotra/practice/electron-app/node_modules/spellchecker
500 silly vacuum-fs quitting because other entries in /Users/ankitmalhotra/practice/electron-app/node_modules
